<?xml version="1.0" encoding="UTF-8"?>
<!-- Generated by org.testng.reporters.JUnitXMLReporter -->
<testsuite ignored="3" hostname="DESKTOP-KKRP6TL" failures="0" tests="5" name="DeginerTests" time="35.509" errors="0" timestamp="2024-11-19T11:40:35 IST">
  <testcase classname="ich.DesingerPageNG" name="loginFunctioanlity" time="6.257"/>
  <testcase classname="ich.DesingerPageNG" name="preferenceArrow" time="2.111"/>
  <testcase classname="ich.DesingerPageNG" name="testDashboardElements" time="3.09"/>
  <testcase classname="ich.DesingerPageNG" name="testDashboardTitle" time="2.023"/>
  <testcase classname="ich.DesingerPageNG" name="testDropdown" time="0.128"/>
  <testcase classname="ich.DesingerPageNG" name="testClickOnEachNavigatio" time="0.0">
    <ignored/>
  </testcase> <!-- testClickOnEachNavigatio -->
  <testcase classname="ich.DesingerPageNG" name="logoutTest" time="0.0">
    <ignored/>
  </testcase> <!-- logoutTest -->
  <testcase classname="ich.DesingerPageNG" name="clickOnLogoutButton" time="0.0">
    <ignored/>
  </testcase> <!-- clickOnLogoutButton -->
</testsuite> <!-- DeginerTests -->
