<?xml version="1.0" encoding="UTF-8"?>
<!-- Generated by org.testng.reporters.JUnitXMLReporter -->
<testsuite ignored="1" hostname="DESKTOP-KKRP6TL" failures="0" tests="2" name="TestGroupInnovationFeed" time="0.855" errors="0" timestamp="2025-06-07T23:26:00 IST">
  <testcase classname="ich.InnovationFeed" name="loginFunctioanlity" time="0.0">
    <skipped/>
  </testcase> <!-- loginFunctioanlity -->
  <testcase classname="ich.InnovationFeed" name="testClickOnEachNavigation" time="0.0">
    <skipped/>
  </testcase> <!-- testClickOnEachNavigation -->
  <testcase classname="ich.InnovationFeed" name="testDashboardTitle" time="0.0">
    <ignored/>
  </testcase> <!-- testDashboardTitle -->
</testsuite> <!-- TestGroupInnovationFeed -->
