<?xml version="1.0" encoding="UTF-8"?>
<!-- Generated by org.testng.reporters.JUnitXMLReporter -->
<testsuite ignored="1" hostname="DESKTOP-KKRP6TL" failures="0" tests="2" name="TestGroupForgotPassword" time="10.748" errors="0" timestamp="2025-06-15T17:01:01 IST">
  <testcase classname="ich.ForgotPassword" name="validation" time="3.383"/>
  <testcase classname="ich.ForgotPassword" name="forgotPass" time="6.759"/>
  <testcase classname="ich.ForgotPassword" name="enteredWrongEmail" time="0.0">
    <ignored/>
  </testcase> <!-- enteredWrongEmail -->
</testsuite> <!-- TestGroupForgotPassword -->
