<?xml version="1.0" encoding="UTF-8"?>
<!-- Generated by org.testng.reporters.JUnitXMLReporter -->
<testsuite ignored="2" hostname="DESKTOP-KKRP6TL" failures="0" tests="4" name="TestGroupContent" time="33.668" errors="0" timestamp="2025-06-15T16:58:21 IST">
  <testcase classname="ich.ExContent" name="loginFunctioanlity" time="26.609"/>
  <testcase classname="ich.ExContent" name="addSource" time="0.012">
    <skipped/>
  </testcase> <!-- addSource -->
  <testcase classname="ich.ExContent" name="searchSource" time="0.0">
    <skipped/>
  </testcase> <!-- searchSource -->
  <testcase classname="ich.ExContent" name="sourceList" time="0.001">
    <skipped/>
  </testcase> <!-- sourceList -->
  <testcase classname="ich.ExContent" name="editSource" time="0.0">
    <ignored/>
  </testcase> <!-- editSource -->
  <testcase classname="ich.ExContent" name="testDashboardTitle" time="0.0">
    <ignored/>
  </testcase> <!-- testDashboardTitle -->
</testsuite> <!-- TestGroupContent -->
