<?xml version="1.0" encoding="UTF-8"?>
<!-- Generated by org.testng.reporters.JUnitXMLReporter -->
<testsuite ignored="1" hostname="DESKTOP-KKRP6TL" failures="0" tests="7" name="TestGroupTrendSnapshot" time="49.721" errors="0" timestamp="2025-06-15T17:03:12 IST">
  <testcase classname="ich.TrendSnapshot" name="loginFunctioanlity" time="1.772"/>
  <testcase classname="ich.TrendSnapshot" name="testSearch" time="1.719"/>
  <testcase classname="ich.TrendSnapshot" name="testClickSnapshot" time="6.901"/>
  <testcase classname="ich.TrendSnapshot" name="testDownlaod" time="3.427"/>
  <testcase classname="ich.TrendSnapshot" name="testDelete" time="2.966"/>
  <testcase classname="ich.TrendSnapshot" name="testClose" time="9.115"/>
  <testcase classname="ich.TrendSnapshot" name="testOverallGraph" time="6.924"/>
  <testcase classname="ich.TrendSnapshot" name="arrow" time="0.0">
    <ignored/>
  </testcase> <!-- arrow -->
</testsuite> <!-- TestGroupTrendSnapshot -->
