<?xml version="1.0" encoding="UTF-8"?>
<!-- Generated by org.testng.reporters.JUnitXMLReporter -->
<testsuite ignored="0" hostname="DESKTOP-KKRP6TL" failures="0" tests="4" name="TestGroupSaveFilter" time="81.16" errors="0" timestamp="2025-06-15T17:02:23 IST">
  <testcase classname="ich.SaveFilter" name="loginFunctioanlity" time="6.996"/>
  <testcase classname="ich.SaveFilter" name="saveFilter" time="0.906"/>
  <testcase classname="ich.SaveFilter" name="enabledSaveFilter" time="23.502"/>
  <testcase classname="ich.SaveFilter" name="viewFilter" time="23.263"/>
</testsuite> <!-- TestGroupSaveFilter -->
