<?xml version="1.0" encoding="UTF-8"?>
<!-- Generated by org.testng.reporters.JUnitXMLReporter -->
<testsuite ignored="1" hostname="DESKTOP-KKRP6TL" failures="0" tests="4" name="TestGroupTextGenerator" time="137.954" errors="0" timestamp="2025-06-15T17:00:45 IST">
  <testcase classname="ich.TextGenerator" name="loginFunctioanlity" time="6.772"/>
  <testcase classname="ich.TextGenerator" name="testEnterTextAndGenerateResult" time="43.14"/>
  <testcase classname="ich.TextGenerator" name="testClearAllAndCopy" time="45.78"/>
  <testcase classname="ich.TextGenerator" name="singleUploadImage" time="22.956"/>
  <testcase classname="ich.TextGenerator" name="testDashboardTitle" time="0.0">
    <ignored/>
  </testcase> <!-- testDashboardTitle -->
</testsuite> <!-- TestGroupTextGenerator -->
