<?xml version="1.0" encoding="UTF-8"?>
<!-- Generated by org.testng.reporters.JUnitXMLReporter -->
<testsuite ignored="0" hostname="DESKTOP-7OO510B" failures="0" tests="4" name="Sample Test" time="12.68" errors="0" timestamp="2025-09-17T13:18:41 IST">
  <testcase classname="com.fashion.testcases.TC_LoginPage" name="verifyLogin" time="2.489"/>
  <testcase classname="com.fashion.testcases.TC_LoginPage" name="verifyLoginwithinvalidcredentials" time="1.601"/>
  <testcase classname="com.fashion.testcases.Targetsourcecicd" name="loginFunctioanlity" time="1.569"/>
  <testcase classname="com.fashion.testcases.Targetsourcecicd" name="searchSource" time="1.027"/>
</testsuite> <!-- Sample Test -->
